2021-12-21 11:33:40.160 INFO  o.s.scheduling.concurrent.ThreadPoolTaskExecutor  :218  [32m                  [0;39m Shutting down ExecutorService 'applicationTaskExecutor'
2021-12-21 12:12:03.752 INFO  com.jiawa.wiki.WikiApplication                    :55   [32m                  [0;39m Starting WikiApplication using Java 1.8.0_312 on AndrewdeMacBook-Pro.local with PID 28190 (/Users/andrew/IdeaProjects/wiki/target/classes started by andrew in /Users/andrew/IdeaProjects/wiki)
2021-12-21 12:12:03.754 INFO  com.jiawa.wiki.WikiApplication                    :660  [32m                  [0;39m No active profile set, falling back to default profiles: default
2021-12-21 12:12:04.688 INFO  o.s.boot.web.embedded.tomcat.TomcatWebServer      :108  [32m                  [0;39m Tomcat initialized with port(s): 8882 (http)
2021-12-21 12:12:04.695 INFO  org.apache.coyote.http11.Http11NioProtocol        :173  [32m                  [0;39m Initializing ProtocolHandler ["http-nio-8882"]
2021-12-21 12:12:04.696 INFO  org.apache.catalina.core.StandardService          :173  [32m                  [0;39m Starting service [Tomcat]
2021-12-21 12:12:04.696 INFO  org.apache.catalina.core.StandardEngine           :173  [32m                  [0;39m Starting Servlet engine: [Apache Tomcat/9.0.39]
2021-12-21 12:12:04.761 INFO  o.a.c.core.ContainerBase.[Tomcat].[localhost].[/] :173  [32m                  [0;39m Initializing Spring embedded WebApplicationContext
2021-12-21 12:12:04.762 INFO  o.s.b.w.s.c.ServletWebServerApplicationContext    :289  [32m                  [0;39m Root WebApplicationContext: initialization completed in 956 ms
2021-12-21 12:12:04.962 INFO  o.s.scheduling.concurrent.ThreadPoolTaskExecutor  :181  [32m                  [0;39m Initializing ExecutorService 'applicationTaskExecutor'
2021-12-21 12:12:05.117 INFO  org.apache.coyote.http11.Http11NioProtocol        :173  [32m                  [0;39m Starting ProtocolHandler ["http-nio-8882"]
2021-12-21 12:12:05.139 INFO  o.s.boot.web.embedded.tomcat.TomcatWebServer      :220  [32m                  [0;39m Tomcat started on port(s): 8882 (http) with context path ''
2021-12-21 12:12:05.158 INFO  com.jiawa.wiki.WikiApplication                    :61   [32m                  [0;39m Started WikiApplication in 1.863 seconds (JVM running for 2.713)
2021-12-21 12:12:05.160 INFO  com.jiawa.wiki.WikiApplication                    :17   [32m                  [0;39m 启动成功！！
2021-12-21 12:12:05.163 INFO  com.jiawa.wiki.WikiApplication                    :18   [32m                  [0;39m 地址: 	http://127.0.0.1:8882
2021-12-21 12:12:35.804 INFO  o.s.scheduling.concurrent.ThreadPoolTaskExecutor  :218  [32m                  [0;39m Shutting down ExecutorService 'applicationTaskExecutor'
2021-12-21 12:12:38.878 INFO  com.jiawa.wiki.WikiApplication                    :55   [32m                  [0;39m Starting WikiApplication using Java 1.8.0_312 on AndrewdeMacBook-Pro.local with PID 28200 (/Users/andrew/IdeaProjects/wiki/target/classes started by andrew in /Users/andrew/IdeaProjects/wiki)
2021-12-21 12:12:38.880 INFO  com.jiawa.wiki.WikiApplication                    :660  [32m                  [0;39m No active profile set, falling back to default profiles: default
2021-12-21 12:12:39.759 INFO  o.s.boot.web.embedded.tomcat.TomcatWebServer      :108  [32m                  [0;39m Tomcat initialized with port(s): 8882 (http)
2021-12-21 12:12:39.765 INFO  org.apache.coyote.http11.Http11NioProtocol        :173  [32m                  [0;39m Initializing ProtocolHandler ["http-nio-8882"]
2021-12-21 12:12:39.766 INFO  org.apache.catalina.core.StandardService          :173  [32m                  [0;39m Starting service [Tomcat]
2021-12-21 12:12:39.766 INFO  org.apache.catalina.core.StandardEngine           :173  [32m                  [0;39m Starting Servlet engine: [Apache Tomcat/9.0.39]
2021-12-21 12:12:39.820 INFO  o.a.c.core.ContainerBase.[Tomcat].[localhost].[/] :173  [32m                  [0;39m Initializing Spring embedded WebApplicationContext
2021-12-21 12:12:39.821 INFO  o.s.b.w.s.c.ServletWebServerApplicationContext    :289  [32m                  [0;39m Root WebApplicationContext: initialization completed in 893 ms
2021-12-21 12:12:40.023 INFO  o.s.scheduling.concurrent.ThreadPoolTaskExecutor  :181  [32m                  [0;39m Initializing ExecutorService 'applicationTaskExecutor'
2021-12-21 12:12:40.177 INFO  org.apache.coyote.http11.Http11NioProtocol        :173  [32m                  [0;39m Starting ProtocolHandler ["http-nio-8882"]
2021-12-21 12:12:40.197 INFO  o.s.boot.web.embedded.tomcat.TomcatWebServer      :220  [32m                  [0;39m Tomcat started on port(s): 8882 (http) with context path ''
2021-12-21 12:12:40.216 INFO  com.jiawa.wiki.WikiApplication                    :61   [32m                  [0;39m Started WikiApplication in 1.801 seconds (JVM running for 2.365)
2021-12-21 12:12:40.219 INFO  com.jiawa.wiki.WikiApplication                    :17   [32m                  [0;39m 启动成功！！
2021-12-21 12:12:40.220 INFO  com.jiawa.wiki.WikiApplication                    :18   [32m                  [0;39m 地址: 	http://127.0.0.1:8882
2021-12-21 12:12:49.538 INFO  o.s.scheduling.concurrent.ThreadPoolTaskExecutor  :218  [32m                  [0;39m Shutting down ExecutorService 'applicationTaskExecutor'
2021-12-21 12:12:52.362 INFO  com.jiawa.wiki.WikiApplication                    :55   [32m                  [0;39m Starting WikiApplication using Java 1.8.0_312 on AndrewdeMacBook-Pro.local with PID 28207 (/Users/andrew/IdeaProjects/wiki/target/classes started by andrew in /Users/andrew/IdeaProjects/wiki)
2021-12-21 12:12:52.364 INFO  com.jiawa.wiki.WikiApplication                    :660  [32m                  [0;39m No active profile set, falling back to default profiles: default
2021-12-21 12:12:53.253 INFO  o.s.boot.web.embedded.tomcat.TomcatWebServer      :108  [32m                  [0;39m Tomcat initialized with port(s): 8883 (http)
2021-12-21 12:12:53.261 INFO  org.apache.coyote.http11.Http11NioProtocol        :173  [32m                  [0;39m Initializing ProtocolHandler ["http-nio-8883"]
2021-12-21 12:12:53.262 INFO  org.apache.catalina.core.StandardService          :173  [32m                  [0;39m Starting service [Tomcat]
2021-12-21 12:12:53.262 INFO  org.apache.catalina.core.StandardEngine           :173  [32m                  [0;39m Starting Servlet engine: [Apache Tomcat/9.0.39]
2021-12-21 12:12:53.315 INFO  o.a.c.core.ContainerBase.[Tomcat].[localhost].[/] :173  [32m                  [0;39m Initializing Spring embedded WebApplicationContext
2021-12-21 12:12:53.315 INFO  o.s.b.w.s.c.ServletWebServerApplicationContext    :289  [32m                  [0;39m Root WebApplicationContext: initialization completed in 900 ms
2021-12-21 12:12:53.497 INFO  o.s.scheduling.concurrent.ThreadPoolTaskExecutor  :181  [32m                  [0;39m Initializing ExecutorService 'applicationTaskExecutor'
2021-12-21 12:12:53.662 INFO  org.apache.coyote.http11.Http11NioProtocol        :173  [32m                  [0;39m Starting ProtocolHandler ["http-nio-8883"]
2021-12-21 12:12:53.679 INFO  o.s.boot.web.embedded.tomcat.TomcatWebServer      :220  [32m                  [0;39m Tomcat started on port(s): 8883 (http) with context path ''
2021-12-21 12:12:53.696 INFO  com.jiawa.wiki.WikiApplication                    :61   [32m                  [0;39m Started WikiApplication in 1.781 seconds (JVM running for 2.35)
2021-12-21 12:12:53.699 INFO  com.jiawa.wiki.WikiApplication                    :17   [32m                  [0;39m 启动成功！！
2021-12-21 12:12:53.700 INFO  com.jiawa.wiki.WikiApplication                    :18   [32m                  [0;39m 地址: 	http://127.0.0.1:8883
2021-12-21 12:13:17.064 INFO  o.s.scheduling.concurrent.ThreadPoolTaskExecutor  :218  [32m                  [0;39m Shutting down ExecutorService 'applicationTaskExecutor'
2021-12-21 12:13:20.069 INFO  com.jiawa.wiki.WikiApplication                    :55   [32m                  [0;39m Starting WikiApplication using Java 1.8.0_312 on AndrewdeMacBook-Pro.local with PID 28220 (/Users/andrew/IdeaProjects/wiki/target/classes started by andrew in /Users/andrew/IdeaProjects/wiki)
2021-12-21 12:13:20.071 INFO  com.jiawa.wiki.WikiApplication                    :660  [32m                  [0;39m No active profile set, falling back to default profiles: default
2021-12-21 12:13:20.924 INFO  o.s.boot.web.embedded.tomcat.TomcatWebServer      :108  [32m                  [0;39m Tomcat initialized with port(s): 8884 (http)
2021-12-21 12:13:20.931 INFO  org.apache.coyote.http11.Http11NioProtocol        :173  [32m                  [0;39m Initializing ProtocolHandler ["http-nio-8884"]
2021-12-21 12:13:20.932 INFO  org.apache.catalina.core.StandardService          :173  [32m                  [0;39m Starting service [Tomcat]
2021-12-21 12:13:20.932 INFO  org.apache.catalina.core.StandardEngine           :173  [32m                  [0;39m Starting Servlet engine: [Apache Tomcat/9.0.39]
2021-12-21 12:13:20.991 INFO  o.a.c.core.ContainerBase.[Tomcat].[localhost].[/] :173  [32m                  [0;39m Initializing Spring embedded WebApplicationContext
2021-12-21 12:13:20.991 INFO  o.s.b.w.s.c.ServletWebServerApplicationContext    :289  [32m                  [0;39m Root WebApplicationContext: initialization completed in 871 ms
2021-12-21 12:13:21.170 INFO  o.s.scheduling.concurrent.ThreadPoolTaskExecutor  :181  [32m                  [0;39m Initializing ExecutorService 'applicationTaskExecutor'
2021-12-21 12:13:21.327 INFO  org.apache.coyote.http11.Http11NioProtocol        :173  [32m                  [0;39m Starting ProtocolHandler ["http-nio-8884"]
2021-12-21 12:13:21.347 INFO  o.s.boot.web.embedded.tomcat.TomcatWebServer      :220  [32m                  [0;39m Tomcat started on port(s): 8884 (http) with context path ''
2021-12-21 12:13:21.366 INFO  com.jiawa.wiki.WikiApplication                    :61   [32m                  [0;39m Started WikiApplication in 1.744 seconds (JVM running for 2.3)
2021-12-21 12:13:21.368 INFO  com.jiawa.wiki.WikiApplication                    :17   [32m                  [0;39m 启动成功！！
2021-12-21 12:13:21.369 INFO  com.jiawa.wiki.WikiApplication                    :18   [32m                  [0;39m 地址: 	http://127.0.0.1:8884
2021-12-21 12:13:33.286 INFO  o.s.scheduling.concurrent.ThreadPoolTaskExecutor  :218  [32m                  [0;39m Shutting down ExecutorService 'applicationTaskExecutor'
2021-12-21 12:13:36.329 INFO  com.jiawa.wiki.WikiApplication                    :55   [32m                  [0;39m Starting WikiApplication using Java 1.8.0_312 on AndrewdeMacBook-Pro.local with PID 28226 (/Users/andrew/IdeaProjects/wiki/target/classes started by andrew in /Users/andrew/IdeaProjects/wiki)
2021-12-21 12:13:36.332 INFO  com.jiawa.wiki.WikiApplication                    :660  [32m                  [0;39m No active profile set, falling back to default profiles: default
2021-12-21 12:13:37.210 INFO  o.s.boot.web.embedded.tomcat.TomcatWebServer      :108  [32m                  [0;39m Tomcat initialized with port(s): 8884 (http)
2021-12-21 12:13:37.217 INFO  org.apache.coyote.http11.Http11NioProtocol        :173  [32m                  [0;39m Initializing ProtocolHandler ["http-nio-8884"]
2021-12-21 12:13:37.217 INFO  org.apache.catalina.core.StandardService          :173  [32m                  [0;39m Starting service [Tomcat]
2021-12-21 12:13:37.218 INFO  org.apache.catalina.core.StandardEngine           :173  [32m                  [0;39m Starting Servlet engine: [Apache Tomcat/9.0.39]
2021-12-21 12:13:37.271 INFO  o.a.c.core.ContainerBase.[Tomcat].[localhost].[/] :173  [32m                  [0;39m Initializing Spring embedded WebApplicationContext
2021-12-21 12:13:37.272 INFO  o.s.b.w.s.c.ServletWebServerApplicationContext    :289  [32m                  [0;39m Root WebApplicationContext: initialization completed in 885 ms
2021-12-21 12:13:37.452 INFO  o.s.scheduling.concurrent.ThreadPoolTaskExecutor  :181  [32m                  [0;39m Initializing ExecutorService 'applicationTaskExecutor'
2021-12-21 12:13:37.604 INFO  org.apache.coyote.http11.Http11NioProtocol        :173  [32m                  [0;39m Starting ProtocolHandler ["http-nio-8884"]
2021-12-21 12:13:37.629 INFO  o.s.boot.web.embedded.tomcat.TomcatWebServer      :220  [32m                  [0;39m Tomcat started on port(s): 8884 (http) with context path ''
2021-12-21 12:13:37.647 INFO  com.jiawa.wiki.WikiApplication                    :61   [32m                  [0;39m Started WikiApplication in 1.766 seconds (JVM running for 2.31)
2021-12-21 12:13:37.649 INFO  com.jiawa.wiki.WikiApplication                    :17   [32m                  [0;39m 启动成功！！
2021-12-21 12:13:37.650 INFO  com.jiawa.wiki.WikiApplication                    :18   [32m                  [0;39m 地址: 	http://127.0.0.1:8884
2021-12-21 12:13:56.939 INFO  o.s.scheduling.concurrent.ThreadPoolTaskExecutor  :218  [32m                  [0;39m Shutting down ExecutorService 'applicationTaskExecutor'
2021-12-21 12:13:59.774 INFO  com.jiawa.wiki.WikiApplication                    :55   [32m                  [0;39m Starting WikiApplication using Java 1.8.0_312 on AndrewdeMacBook-Pro.local with PID 28231 (/Users/andrew/IdeaProjects/wiki/target/classes started by andrew in /Users/andrew/IdeaProjects/wiki)
2021-12-21 12:13:59.777 INFO  com.jiawa.wiki.WikiApplication                    :660  [32m                  [0;39m No active profile set, falling back to default profiles: default
2021-12-21 12:14:00.675 INFO  o.s.boot.web.embedded.tomcat.TomcatWebServer      :108  [32m                  [0;39m Tomcat initialized with port(s): 8881 (http)
2021-12-21 12:14:00.682 INFO  org.apache.coyote.http11.Http11NioProtocol        :173  [32m                  [0;39m Initializing ProtocolHandler ["http-nio-8881"]
2021-12-21 12:14:00.682 INFO  org.apache.catalina.core.StandardService          :173  [32m                  [0;39m Starting service [Tomcat]
2021-12-21 12:14:00.682 INFO  org.apache.catalina.core.StandardEngine           :173  [32m                  [0;39m Starting Servlet engine: [Apache Tomcat/9.0.39]
2021-12-21 12:14:00.729 INFO  o.a.c.core.ContainerBase.[Tomcat].[localhost].[/] :173  [32m                  [0;39m Initializing Spring embedded WebApplicationContext
2021-12-21 12:14:00.729 INFO  o.s.b.w.s.c.ServletWebServerApplicationContext    :289  [32m                  [0;39m Root WebApplicationContext: initialization completed in 894 ms
2021-12-21 12:14:00.905 INFO  o.s.scheduling.concurrent.ThreadPoolTaskExecutor  :181  [32m                  [0;39m Initializing ExecutorService 'applicationTaskExecutor'
2021-12-21 12:14:01.063 INFO  org.apache.coyote.http11.Http11NioProtocol        :173  [32m                  [0;39m Starting ProtocolHandler ["http-nio-8881"]
2021-12-21 12:14:01.079 INFO  o.s.boot.web.embedded.tomcat.TomcatWebServer      :220  [32m                  [0;39m Tomcat started on port(s): 8881 (http) with context path ''
2021-12-21 12:14:01.096 INFO  com.jiawa.wiki.WikiApplication                    :61   [32m                  [0;39m Started WikiApplication in 1.79 seconds (JVM running for 2.341)
2021-12-21 12:14:01.100 INFO  com.jiawa.wiki.WikiApplication                    :17   [32m                  [0;39m 启动成功！！
2021-12-21 12:14:01.101 INFO  com.jiawa.wiki.WikiApplication                    :18   [32m                  [0;39m 地址: 	http://127.0.0.1:8881
2021-12-21 12:52:09.151 INFO  o.s.scheduling.concurrent.ThreadPoolTaskExecutor  :218  [32m                  [0;39m Shutting down ExecutorService 'applicationTaskExecutor'
2021-12-21 12:52:12.304 INFO  com.jiawa.wiki.WikiApplication                    :55   [32m                  [0;39m Starting WikiApplication using Java 1.8.0_312 on AndrewdeMacBook-Pro.local with PID 28401 (/Users/andrew/IdeaProjects/wiki/target/classes started by andrew in /Users/andrew/IdeaProjects/wiki)
2021-12-21 12:52:12.307 INFO  com.jiawa.wiki.WikiApplication                    :660  [32m                  [0;39m No active profile set, falling back to default profiles: default
2021-12-21 12:52:13.148 INFO  o.s.boot.web.embedded.tomcat.TomcatWebServer      :108  [32m                  [0;39m Tomcat initialized with port(s): 8880 (http)
2021-12-21 12:52:13.157 INFO  org.apache.coyote.http11.Http11NioProtocol        :173  [32m                  [0;39m Initializing ProtocolHandler ["http-nio-8880"]
2021-12-21 12:52:13.157 INFO  org.apache.catalina.core.StandardService          :173  [32m                  [0;39m Starting service [Tomcat]
2021-12-21 12:52:13.158 INFO  org.apache.catalina.core.StandardEngine           :173  [32m                  [0;39m Starting Servlet engine: [Apache Tomcat/9.0.39]
2021-12-21 12:52:13.215 INFO  o.a.c.core.ContainerBase.[Tomcat].[localhost].[/] :173  [32m                  [0;39m Initializing Spring embedded WebApplicationContext
2021-12-21 12:52:13.215 INFO  o.s.b.w.s.c.ServletWebServerApplicationContext    :289  [32m                  [0;39m Root WebApplicationContext: initialization completed in 863 ms
2021-12-21 12:52:13.405 INFO  o.s.scheduling.concurrent.ThreadPoolTaskExecutor  :181  [32m                  [0;39m Initializing ExecutorService 'applicationTaskExecutor'
2021-12-21 12:52:13.553 INFO  org.apache.coyote.http11.Http11NioProtocol        :173  [32m                  [0;39m Starting ProtocolHandler ["http-nio-8880"]
2021-12-21 12:52:13.570 INFO  o.s.boot.web.embedded.tomcat.TomcatWebServer      :220  [32m                  [0;39m Tomcat started on port(s): 8880 (http) with context path ''
2021-12-21 12:52:13.590 INFO  com.jiawa.wiki.WikiApplication                    :61   [32m                  [0;39m Started WikiApplication in 1.735 seconds (JVM running for 2.438)
2021-12-21 12:52:13.592 INFO  com.jiawa.wiki.WikiApplication                    :17   [32m                  [0;39m 启动成功！！
2021-12-21 12:52:13.594 INFO  com.jiawa.wiki.WikiApplication                    :18   [32m                  [0;39m 地址: 	http://127.0.0.1:8880
2021-12-21 13:11:29.013 INFO  o.s.scheduling.concurrent.ThreadPoolTaskExecutor  :218  [32m                  [0;39m Shutting down ExecutorService 'applicationTaskExecutor'
2021-12-21 13:11:35.972 INFO  com.jiawa.wiki.WikiApplication                    :55   [32m                  [0;39m Starting WikiApplication using Java 1.8.0_312 on AndrewdeMacBook-Pro.local with PID 28503 (/Users/andrew/IdeaProjects/wiki/target/classes started by andrew in /Users/andrew/IdeaProjects/wiki)
2021-12-21 13:11:35.975 INFO  com.jiawa.wiki.WikiApplication                    :660  [32m                  [0;39m No active profile set, falling back to default profiles: default
2021-12-21 13:11:36.826 INFO  o.s.boot.web.embedded.tomcat.TomcatWebServer      :108  [32m                  [0;39m Tomcat initialized with port(s): 8880 (http)
2021-12-21 13:11:36.832 INFO  org.apache.coyote.http11.Http11NioProtocol        :173  [32m                  [0;39m Initializing ProtocolHandler ["http-nio-8880"]
2021-12-21 13:11:36.833 INFO  org.apache.catalina.core.StandardService          :173  [32m                  [0;39m Starting service [Tomcat]
2021-12-21 13:11:36.833 INFO  org.apache.catalina.core.StandardEngine           :173  [32m                  [0;39m Starting Servlet engine: [Apache Tomcat/9.0.39]
2021-12-21 13:11:36.882 INFO  o.a.c.core.ContainerBase.[Tomcat].[localhost].[/] :173  [32m                  [0;39m Initializing Spring embedded WebApplicationContext
2021-12-21 13:11:36.882 INFO  o.s.b.w.s.c.ServletWebServerApplicationContext    :289  [32m                  [0;39m Root WebApplicationContext: initialization completed in 867 ms
2021-12-21 13:11:37.058 INFO  o.s.scheduling.concurrent.ThreadPoolTaskExecutor  :181  [32m                  [0;39m Initializing ExecutorService 'applicationTaskExecutor'
2021-12-21 13:11:37.229 INFO  org.apache.coyote.http11.Http11NioProtocol        :173  [32m                  [0;39m Starting ProtocolHandler ["http-nio-8880"]
2021-12-21 13:11:37.246 INFO  o.s.boot.web.embedded.tomcat.TomcatWebServer      :220  [32m                  [0;39m Tomcat started on port(s): 8880 (http) with context path ''
2021-12-21 13:11:37.263 INFO  com.jiawa.wiki.WikiApplication                    :61   [32m                  [0;39m Started WikiApplication in 1.742 seconds (JVM running for 2.477)
2021-12-21 13:11:37.267 INFO  com.jiawa.wiki.WikiApplication                    :17   [32m                  [0;39m 启动成功！！
2021-12-21 13:11:37.268 INFO  com.jiawa.wiki.WikiApplication                    :18   [32m                  [0;39m 地址: 	http://127.0.0.1:8880
2021-12-21 13:12:01.106 INFO  o.a.c.core.ContainerBase.[Tomcat].[localhost].[/] :173  [32m                  [0;39m Initializing Spring DispatcherServlet 'dispatcherServlet'
2021-12-21 13:12:01.107 INFO  org.springframework.web.servlet.DispatcherServlet :525  [32m                  [0;39m Initializing Servlet 'dispatcherServlet'
2021-12-21 13:12:01.109 INFO  org.springframework.web.servlet.DispatcherServlet :547  [32m                  [0;39m Completed initialization in 2 ms
2021-12-21 13:15:56.896 INFO  o.s.scheduling.concurrent.ThreadPoolTaskExecutor  :218  [32m                  [0;39m Shutting down ExecutorService 'applicationTaskExecutor'
2021-12-21 13:16:00.831 INFO  com.jiawa.wiki.WikiApplication                    :55   [32m                  [0;39m Starting WikiApplication using Java 1.8.0_312 on AndrewdeMacBook-Pro.local with PID 28536 (/Users/andrew/IdeaProjects/wiki/target/classes started by andrew in /Users/andrew/IdeaProjects/wiki)
2021-12-21 13:16:00.834 INFO  com.jiawa.wiki.WikiApplication                    :660  [32m                  [0;39m No active profile set, falling back to default profiles: default
2021-12-21 13:16:01.770 INFO  o.s.boot.web.embedded.tomcat.TomcatWebServer      :108  [32m                  [0;39m Tomcat initialized with port(s): 8880 (http)
2021-12-21 13:16:01.776 INFO  org.apache.coyote.http11.Http11NioProtocol        :173  [32m                  [0;39m Initializing ProtocolHandler ["http-nio-8880"]
2021-12-21 13:16:01.777 INFO  org.apache.catalina.core.StandardService          :173  [32m                  [0;39m Starting service [Tomcat]
2021-12-21 13:16:01.777 INFO  org.apache.catalina.core.StandardEngine           :173  [32m                  [0;39m Starting Servlet engine: [Apache Tomcat/9.0.39]
2021-12-21 13:16:01.821 INFO  o.a.c.core.ContainerBase.[Tomcat].[localhost].[/] :173  [32m                  [0;39m Initializing Spring embedded WebApplicationContext
2021-12-21 13:16:01.822 INFO  o.s.b.w.s.c.ServletWebServerApplicationContext    :289  [32m                  [0;39m Root WebApplicationContext: initialization completed in 924 ms
2021-12-21 13:16:01.995 INFO  o.s.scheduling.concurrent.ThreadPoolTaskExecutor  :181  [32m                  [0;39m Initializing ExecutorService 'applicationTaskExecutor'
2021-12-21 13:16:02.146 INFO  org.apache.coyote.http11.Http11NioProtocol        :173  [32m                  [0;39m Starting ProtocolHandler ["http-nio-8880"]
2021-12-21 13:16:02.163 INFO  o.s.boot.web.embedded.tomcat.TomcatWebServer      :220  [32m                  [0;39m Tomcat started on port(s): 8880 (http) with context path ''
2021-12-21 13:16:02.181 INFO  com.jiawa.wiki.WikiApplication                    :61   [32m                  [0;39m Started WikiApplication in 1.816 seconds (JVM running for 2.535)
2021-12-21 13:16:02.183 INFO  com.jiawa.wiki.WikiApplication                    :17   [32m                  [0;39m 启动成功！！
2021-12-21 13:16:02.185 INFO  com.jiawa.wiki.WikiApplication                    :18   [32m                  [0;39m 地址: 	http://127.0.0.1:8880
2021-12-21 13:16:04.597 INFO  o.a.c.core.ContainerBase.[Tomcat].[localhost].[/] :173  [32m                  [0;39m Initializing Spring DispatcherServlet 'dispatcherServlet'
2021-12-21 13:16:04.598 INFO  org.springframework.web.servlet.DispatcherServlet :525  [32m                  [0;39m Initializing Servlet 'dispatcherServlet'
2021-12-21 13:16:04.600 INFO  org.springframework.web.servlet.DispatcherServlet :547  [32m                  [0;39m Completed initialization in 2 ms
2021-12-21 13:16:25.895 INFO  o.s.scheduling.concurrent.ThreadPoolTaskExecutor  :218  [32m                  [0;39m Shutting down ExecutorService 'applicationTaskExecutor'
2021-12-21 13:16:28.897 INFO  com.jiawa.wiki.WikiApplication                    :55   [32m                  [0;39m Starting WikiApplication using Java 1.8.0_312 on AndrewdeMacBook-Pro.local with PID 28543 (/Users/andrew/IdeaProjects/wiki/target/classes started by andrew in /Users/andrew/IdeaProjects/wiki)
2021-12-21 13:16:28.899 INFO  com.jiawa.wiki.WikiApplication                    :660  [32m                  [0;39m No active profile set, falling back to default profiles: default
2021-12-21 13:16:29.799 INFO  o.s.boot.web.embedded.tomcat.TomcatWebServer      :108  [32m                  [0;39m Tomcat initialized with port(s): 8880 (http)
2021-12-21 13:16:29.808 INFO  org.apache.coyote.http11.Http11NioProtocol        :173  [32m                  [0;39m Initializing ProtocolHandler ["http-nio-8880"]
2021-12-21 13:16:29.808 INFO  org.apache.catalina.core.StandardService          :173  [32m                  [0;39m Starting service [Tomcat]
2021-12-21 13:16:29.809 INFO  org.apache.catalina.core.StandardEngine           :173  [32m                  [0;39m Starting Servlet engine: [Apache Tomcat/9.0.39]
2021-12-21 13:16:29.868 INFO  o.a.c.core.ContainerBase.[Tomcat].[localhost].[/] :173  [32m                  [0;39m Initializing Spring embedded WebApplicationContext
2021-12-21 13:16:29.869 INFO  o.s.b.w.s.c.ServletWebServerApplicationContext    :289  [32m                  [0;39m Root WebApplicationContext: initialization completed in 923 ms
2021-12-21 13:16:30.056 INFO  o.s.scheduling.concurrent.ThreadPoolTaskExecutor  :181  [32m                  [0;39m Initializing ExecutorService 'applicationTaskExecutor'
2021-12-21 13:16:30.209 INFO  org.apache.coyote.http11.Http11NioProtocol        :173  [32m                  [0;39m Starting ProtocolHandler ["http-nio-8880"]
2021-12-21 13:16:30.242 INFO  o.s.boot.web.embedded.tomcat.TomcatWebServer      :220  [32m                  [0;39m Tomcat started on port(s): 8880 (http) with context path ''
2021-12-21 13:16:30.273 INFO  com.jiawa.wiki.WikiApplication                    :61   [32m                  [0;39m Started WikiApplication in 1.945 seconds (JVM running for 2.629)
2021-12-21 13:16:30.275 INFO  com.jiawa.wiki.WikiApplication                    :17   [32m                  [0;39m 启动成功！！
2021-12-21 13:16:30.276 INFO  com.jiawa.wiki.WikiApplication                    :18   [32m                  [0;39m 地址: 	http://127.0.0.1:8880
2021-12-21 13:16:33.189 INFO  o.a.c.core.ContainerBase.[Tomcat].[localhost].[/] :173  [32m                  [0;39m Initializing Spring DispatcherServlet 'dispatcherServlet'
2021-12-21 13:16:33.190 INFO  org.springframework.web.servlet.DispatcherServlet :525  [32m                  [0;39m Initializing Servlet 'dispatcherServlet'
2021-12-21 13:16:33.191 INFO  org.springframework.web.servlet.DispatcherServlet :547  [32m                  [0;39m Completed initialization in 1 ms
2021-12-21 13:19:24.783 INFO  o.s.scheduling.concurrent.ThreadPoolTaskExecutor  :218  [32m                  [0;39m Shutting down ExecutorService 'applicationTaskExecutor'
